<?xml version="1.0" encoding="UTF-8"?>
<!-- Generated by org.testng.reporters.JUnitXMLReporter -->
<testsuite hostname="Jignesh" ignored="0" name="cljTestChrome" tests="2" failures="0" timestamp="08 Jun 2018 20:43:19 GMT" time="0.359" errors="0">
  <testcase name="@BeforeTest Before" time="0.0" classname="browsers.BrowserStack">
    <failure type="org.testng.TestNGException" message="
Parameter &amp;apos;os&amp;apos; is required by BeforeTest on method Before but has not been marked @Optional or defined
in C:\Users\Jignesh\Desktop\Automation\dailymail\MavenMOL\src\main\resources\CLJSuitMultiBrowser.xml">
      <![CDATA[org.testng.TestNGException: 
Parameter 'os' is required by BeforeTest on method Before but has not been marked @Optional or defined
in C:\Users\Jignesh\Desktop\Automation\dailymail\MavenMOL\src\main\resources\CLJSuitMultiBrowser.xml
... Removed 21 stack frames]]>
    </failure>
  </testcase> <!-- @BeforeTest Before -->
  <testcase name="@BeforeMethod beforeMethod" time="0.0" classname="browsers.BrowserStack">
    <failure type="org.testng.TestNGException" message="
Parameter &amp;apos;os&amp;apos; is required by BeforeMethod on method beforeMethod but has not been marked @Optional or defined
in C:\Users\Jignesh\Desktop\Automation\dailymail\MavenMOL\src\main\resources\CLJSuitMultiBrowser.xml">
      <![CDATA[org.testng.TestNGException: 
Parameter 'os' is required by BeforeMethod on method beforeMethod but has not been marked @Optional or defined
in C:\Users\Jignesh\Desktop\Automation\dailymail\MavenMOL\src\main\resources\CLJSuitMultiBrowser.xml
... Removed 25 stack frames]]>
    </failure>
  </testcase> <!-- @BeforeMethod beforeMethod -->
  <testcase name="@BeforeMethod beforeMethod" time="0.0" classname="browsers.BrowserStack">
    <failure type="org.testng.TestNGException" message="
Parameter &amp;apos;os&amp;apos; is required by BeforeMethod on method beforeMethod but has not been marked @Optional or defined
in C:\Users\Jignesh\Desktop\Automation\dailymail\MavenMOL\src\main\resources\CLJSuitMultiBrowser.xml">
      <![CDATA[org.testng.TestNGException: 
Parameter 'os' is required by BeforeMethod on method beforeMethod but has not been marked @Optional or defined
in C:\Users\Jignesh\Desktop\Automation\dailymail\MavenMOL\src\main\resources\CLJSuitMultiBrowser.xml
... Removed 25 stack frames]]>
    </failure>
  </testcase> <!-- @BeforeMethod beforeMethod -->
  <testcase name="MostShared_UK_HomePage" time="0.0" classname="cljCheck.MostShared">
    <skipped/>
  </testcase> <!-- MostShared_UK_HomePage -->
  <testcase name="MostShared_US_HomePage" time="0.0" classname="cljCheck.MostShared">
    <skipped/>
  </testcase> <!-- MostShared_US_HomePage -->
</testsuite> <!-- cljTestChrome -->
